Analysis & Synthesis report for ULA
Wed Jan 03 15:29:32 2018
Quartus Prime Version 17.1.0 Build 590 10/25/2017 SJ Lite Edition


---------------------
; Table of Contents ;
---------------------
  1. Legal Notice
  2. Analysis & Synthesis Summary
  3. Analysis & Synthesis Settings
  4. Parallel Compilation
  5. Analysis & Synthesis Source Files Read
  6. Analysis & Synthesis Resource Usage Summary
  7. Analysis & Synthesis Resource Utilization by Entity
  8. General Register Statistics
  9. Multiplexer Restructuring Statistics (Restructuring Performed)
 10. Post-Synthesis Netlist Statistics for Top Partition
 11. Elapsed Time Per Partition
 12. Analysis & Synthesis Messages



----------------
; Legal Notice ;
----------------
Copyright (C) 2017  Intel Corporation. All rights reserved.
Your use of Intel Corporation's design tools, logic functions 
and other software and tools, and its AMPP partner logic 
functions, and any output files from any of the foregoing 
(including device programming or simulation files), and any 
associated documentation or information are expressly subject 
to the terms and conditions of the Intel Program License 
Subscription Agreement, the Intel Quartus Prime License Agreement,
the Intel FPGA IP License Agreement, or other applicable license
agreement, including, without limitation, that your use is for
the sole purpose of programming logic devices manufactured by
Intel and sold by Intel or its authorized distributors.  Please
refer to the applicable agreement for further details.



+----------------------------------------------------------------------------------+
; Analysis & Synthesis Summary                                                     ;
+------------------------------------+---------------------------------------------+
; Analysis & Synthesis Status        ; Successful - Wed Jan 03 15:29:32 2018       ;
; Quartus Prime Version              ; 17.1.0 Build 590 10/25/2017 SJ Lite Edition ;
; Revision Name                      ; ULA                                         ;
; Top-level Entity Name              ; ULA                                         ;
; Family                             ; Cyclone IV E                                ;
; Total logic elements               ; 70                                          ;
;     Total combinational functions  ; 70                                          ;
;     Dedicated logic registers      ; 0                                           ;
; Total registers                    ; 0                                           ;
; Total pins                         ; 35                                          ;
; Total virtual pins                 ; 0                                           ;
; Total memory bits                  ; 0                                           ;
; Embedded Multiplier 9-bit elements ; 0                                           ;
; Total PLLs                         ; 0                                           ;
+------------------------------------+---------------------------------------------+


+----------------------------------------------------------------------------------------------------------------------+
; Analysis & Synthesis Settings                                                                                        ;
+----------------------------------------------------------------------------+--------------------+--------------------+
; Option                                                                     ; Setting            ; Default Value      ;
+----------------------------------------------------------------------------+--------------------+--------------------+
; Device                                                                     ; EP4CE6E22C6        ;                    ;
; Top-level entity name                                                      ; ULA                ; ULA                ;
; Family name                                                                ; Cyclone IV E       ; Cyclone V          ;
; Use smart compilation                                                      ; Off                ; Off                ;
; Enable parallel Assembler and TimeQuest Timing Analyzer during compilation ; On                 ; On                 ;
; Enable compact report table                                                ; Off                ; Off                ;
; Restructure Multiplexers                                                   ; Auto               ; Auto               ;
; Create Debugging Nodes for IP Cores                                        ; Off                ; Off                ;
; Preserve fewer node names                                                  ; On                 ; On                 ;
; Intel FPGA IP Evaluation Mode                                              ; Enable             ; Enable             ;
; Verilog Version                                                            ; Verilog_2001       ; Verilog_2001       ;
; VHDL Version                                                               ; VHDL_1993          ; VHDL_1993          ;
; State Machine Processing                                                   ; Auto               ; Auto               ;
; Safe State Machine                                                         ; Off                ; Off                ;
; Extract Verilog State Machines                                             ; On                 ; On                 ;
; Extract VHDL State Machines                                                ; On                 ; On                 ;
; Ignore Verilog initial constructs                                          ; Off                ; Off                ;
; Iteration limit for constant Verilog loops                                 ; 5000               ; 5000               ;
; Iteration limit for non-constant Verilog loops                             ; 250                ; 250                ;
; Add Pass-Through Logic to Inferred RAMs                                    ; On                 ; On                 ;
; Infer RAMs from Raw Logic                                                  ; On                 ; On                 ;
; Parallel Synthesis                                                         ; On                 ; On                 ;
; DSP Block Balancing                                                        ; Auto               ; Auto               ;
; NOT Gate Push-Back                                                         ; On                 ; On                 ;
; Power-Up Don't Care                                                        ; On                 ; On                 ;
; Remove Redundant Logic Cells                                               ; Off                ; Off                ;
; Remove Duplicate Registers                                                 ; On                 ; On                 ;
; Ignore CARRY Buffers                                                       ; Off                ; Off                ;
; Ignore CASCADE Buffers                                                     ; Off                ; Off                ;
; Ignore GLOBAL Buffers                                                      ; Off                ; Off                ;
; Ignore ROW GLOBAL Buffers                                                  ; Off                ; Off                ;
; Ignore LCELL Buffers                                                       ; Off                ; Off                ;
; Ignore SOFT Buffers                                                        ; On                 ; On                 ;
; Limit AHDL Integers to 32 Bits                                             ; Off                ; Off                ;
; Optimization Technique                                                     ; Balanced           ; Balanced           ;
; Carry Chain Length                                                         ; 70                 ; 70                 ;
; Auto Carry Chains                                                          ; On                 ; On                 ;
; Auto Open-Drain Pins                                                       ; On                 ; On                 ;
; Perform WYSIWYG Primitive Resynthesis                                      ; Off                ; Off                ;
; Auto ROM Replacement                                                       ; On                 ; On                 ;
; Auto RAM Replacement                                                       ; On                 ; On                 ;
; Auto DSP Block Replacement                                                 ; On                 ; On                 ;
; Auto Shift Register Replacement                                            ; Auto               ; Auto               ;
; Allow Shift Register Merging across Hierarchies                            ; Auto               ; Auto               ;
; Auto Clock Enable Replacement                                              ; On                 ; On                 ;
; Strict RAM Replacement                                                     ; Off                ; Off                ;
; Allow Synchronous Control Signals                                          ; On                 ; On                 ;
; Force Use of Synchronous Clear Signals                                     ; Off                ; Off                ;
; Auto RAM Block Balancing                                                   ; On                 ; On                 ;
; Auto RAM to Logic Cell Conversion                                          ; Off                ; Off                ;
; Auto Resource Sharing                                                      ; Off                ; Off                ;
; Allow Any RAM Size For Recognition                                         ; Off                ; Off                ;
; Allow Any ROM Size For Recognition                                         ; Off                ; Off                ;
; Allow Any Shift Register Size For Recognition                              ; Off                ; Off                ;
; Use LogicLock Constraints during Resource Balancing                        ; On                 ; On                 ;
; Ignore translate_off and synthesis_off directives                          ; Off                ; Off                ;
; Timing-Driven Synthesis                                                    ; On                 ; On                 ;
; Report Parameter Settings                                                  ; On                 ; On                 ;
; Report Source Assignments                                                  ; On                 ; On                 ;
; Report Connectivity Checks                                                 ; On                 ; On                 ;
; Ignore Maximum Fan-Out Assignments                                         ; Off                ; Off                ;
; Synchronization Register Chain Length                                      ; 2                  ; 2                  ;
; Power Optimization During Synthesis                                        ; Normal compilation ; Normal compilation ;
; HDL message level                                                          ; Level2             ; Level2             ;
; Suppress Register Optimization Related Messages                            ; Off                ; Off                ;
; Number of Removed Registers Reported in Synthesis Report                   ; 5000               ; 5000               ;
; Number of Swept Nodes Reported in Synthesis Report                         ; 5000               ; 5000               ;
; Number of Inverted Registers Reported in Synthesis Report                  ; 100                ; 100                ;
; Clock MUX Protection                                                       ; On                 ; On                 ;
; Auto Gated Clock Conversion                                                ; Off                ; Off                ;
; Block Design Naming                                                        ; Auto               ; Auto               ;
; SDC constraint protection                                                  ; Off                ; Off                ;
; Synthesis Effort                                                           ; Auto               ; Auto               ;
; Shift Register Replacement - Allow Asynchronous Clear Signal               ; On                 ; On                 ;
; Pre-Mapping Resynthesis Optimization                                       ; Off                ; Off                ;
; Analysis & Synthesis Message Level                                         ; Medium             ; Medium             ;
; Disable Register Merging Across Hierarchies                                ; Auto               ; Auto               ;
; Resource Aware Inference For Block RAM                                     ; On                 ; On                 ;
+----------------------------------------------------------------------------+--------------------+--------------------+


+------------------------------------------+
; Parallel Compilation                     ;
+----------------------------+-------------+
; Processors                 ; Number      ;
+----------------------------+-------------+
; Number detected on machine ; 4           ;
; Maximum allowed            ; 2           ;
;                            ;             ;
; Average used               ; 1.00        ;
; Maximum used               ; 1           ;
;                            ;             ;
; Usage by Processor         ; % Time Used ;
;     Processor 1            ; 100.0%      ;
+----------------------------+-------------+


+----------------------------------------------------------------------------------------------------------------------------------------------------------------------------------------+
; Analysis & Synthesis Source Files Read                                                                                                                                                 ;
+----------------------------------+-----------------+------------------------------------------+------------------------------------------------------------------------------+---------+
; File Name with User-Entered Path ; Used in Netlist ; File Type                                ; File Name with Absolute Path                                                 ; Library ;
+----------------------------------+-----------------+------------------------------------------+------------------------------------------------------------------------------+---------+
; somador-5bit.bdf                 ; yes             ; User Block Diagram/Schematic File        ; D:/UFRPE/3°P/Sistemas Digitais/Projeto-ULA/ULA/somador-5bit.bdf              ;         ;
; ULA.bdf                          ; yes             ; User Block Diagram/Schematic File        ; D:/UFRPE/3°P/Sistemas Digitais/Projeto-ULA/ULA/ULA.bdf                       ;         ;
; Mux2-1.bdf                       ; yes             ; User Block Diagram/Schematic File        ; D:/UFRPE/3°P/Sistemas Digitais/Projeto-ULA/ULA/Mux2-1.bdf                    ;         ;
; max-a-b-5bit.bdf                 ; yes             ; User Block Diagram/Schematic File        ; D:/UFRPE/3°P/Sistemas Digitais/Projeto-ULA/ULA/max-a-b-5bit.bdf              ;         ;
; Mux-2-1_5bit.bdf                 ; yes             ; User Block Diagram/Schematic File        ; D:/UFRPE/3°P/Sistemas Digitais/Projeto-ULA/ULA/Mux-2-1_5bit.bdf              ;         ;
; min-a-b-5bit.bdf                 ; yes             ; User Block Diagram/Schematic File        ; D:/UFRPE/3°P/Sistemas Digitais/Projeto-ULA/ULA/min-a-b-5bit.bdf              ;         ;
; mux-2-1_7bit.bdf                 ; yes             ; User Block Diagram/Schematic File        ; D:/UFRPE/3°P/Sistemas Digitais/Projeto-ULA/ULA/mux-2-1_7bit.bdf              ;         ;
; mux-4-1_7bit.bdf                 ; yes             ; User Block Diagram/Schematic File        ; D:/UFRPE/3°P/Sistemas Digitais/Projeto-ULA/ULA/mux-4-1_7bit.bdf              ;         ;
; unidade-logica-aritmetica.bdf    ; yes             ; User Block Diagram/Schematic File        ; D:/UFRPE/3°P/Sistemas Digitais/Projeto-ULA/ULA/unidade-logica-aritmetica.bdf ;         ;
; led-A1.bdf                       ; yes             ; User Block Diagram/Schematic File        ; D:/UFRPE/3°P/Sistemas Digitais/Projeto-ULA/ULA/led-A1.bdf                    ;         ;
; led-G2.bdf                       ; yes             ; User Block Diagram/Schematic File        ; D:/UFRPE/3°P/Sistemas Digitais/Projeto-ULA/ULA/led-G2.bdf                    ;         ;
; mux-8-1_7bit.bdf                 ; yes             ; Auto-Found Block Diagram/Schematic File  ; D:/UFRPE/3°P/Sistemas Digitais/Projeto-ULA/ULA/mux-8-1_7bit.bdf              ;         ;
; somador.bdf                      ; yes             ; Auto-Found Block Diagram/Schematic File  ; D:/UFRPE/3°P/Sistemas Digitais/Projeto-ULA/ULA/somador.bdf                   ;         ;
; subtrator-5bit.bdf               ; yes             ; Auto-Found Block Diagram/Schematic File  ; D:/UFRPE/3°P/Sistemas Digitais/Projeto-ULA/ULA/subtrator-5bit.bdf            ;         ;
; a-menor-igual-b-5bit.bdf         ; yes             ; Auto-Found Block Diagram/Schematic File  ; D:/UFRPE/3°P/Sistemas Digitais/Projeto-ULA/ULA/a-menor-igual-b-5bit.bdf      ;         ;
; a-maior-b-5bit.bdf               ; yes             ; Auto-Found Block Diagram/Schematic File  ; D:/UFRPE/3°P/Sistemas Digitais/Projeto-ULA/ULA/a-maior-b-5bit.bdf            ;         ;
; a-maior-b-bit-sinal.bdf          ; yes             ; Auto-Found Block Diagram/Schematic File  ; D:/UFRPE/3°P/Sistemas Digitais/Projeto-ULA/ULA/a-maior-b-bit-sinal.bdf       ;         ;
; a-maior-b-1bit.bdf               ; yes             ; Auto-Found Block Diagram/Schematic File  ; D:/UFRPE/3°P/Sistemas Digitais/Projeto-ULA/ULA/a-maior-b-1bit.bdf            ;         ;
; subtrator-a-1.bdf                ; yes             ; Auto-Found Block Diagram/Schematic File  ; D:/UFRPE/3°P/Sistemas Digitais/Projeto-ULA/ULA/subtrator-a-1.bdf             ;         ;
; a-x-4.bdf                        ; yes             ; Auto-Found Block Diagram/Schematic File  ; D:/UFRPE/3°P/Sistemas Digitais/Projeto-ULA/ULA/a-x-4.bdf                     ;         ;
; decodificador.bdf                ; yes             ; Auto-Found Block Diagram/Schematic File  ; D:/UFRPE/3°P/Sistemas Digitais/Projeto-ULA/ULA/decodificador.bdf             ;         ;
; led-d1.bdf                       ; yes             ; Auto-Found Block Diagram/Schematic File  ; D:/UFRPE/3°P/Sistemas Digitais/Projeto-ULA/ULA/led-d1.bdf                    ;         ;
; led-e1.bdf                       ; yes             ; Auto-Found Block Diagram/Schematic File  ; D:/UFRPE/3°P/Sistemas Digitais/Projeto-ULA/ULA/led-e1.bdf                    ;         ;
; led-f1.bdf                       ; yes             ; Auto-Found Block Diagram/Schematic File  ; D:/UFRPE/3°P/Sistemas Digitais/Projeto-ULA/ULA/led-f1.bdf                    ;         ;
; led-a2.bdf                       ; yes             ; Auto-Found Block Diagram/Schematic File  ; D:/UFRPE/3°P/Sistemas Digitais/Projeto-ULA/ULA/led-a2.bdf                    ;         ;
; led-b2.bdf                       ; yes             ; Auto-Found Block Diagram/Schematic File  ; D:/UFRPE/3°P/Sistemas Digitais/Projeto-ULA/ULA/led-b2.bdf                    ;         ;
; led-c2.bdf                       ; yes             ; Auto-Found Block Diagram/Schematic File  ; D:/UFRPE/3°P/Sistemas Digitais/Projeto-ULA/ULA/led-c2.bdf                    ;         ;
; led-d2.bdf                       ; yes             ; Auto-Found Block Diagram/Schematic File  ; D:/UFRPE/3°P/Sistemas Digitais/Projeto-ULA/ULA/led-d2.bdf                    ;         ;
; led-e2.bdf                       ; yes             ; Auto-Found Block Diagram/Schematic File  ; D:/UFRPE/3°P/Sistemas Digitais/Projeto-ULA/ULA/led-e2.bdf                    ;         ;
; led-f2.bdf                       ; yes             ; Auto-Found Block Diagram/Schematic File  ; D:/UFRPE/3°P/Sistemas Digitais/Projeto-ULA/ULA/led-f2.bdf                    ;         ;
+----------------------------------+-----------------+------------------------------------------+------------------------------------------------------------------------------+---------+


+----------------------------------------------------------+
; Analysis & Synthesis Resource Usage Summary              ;
+---------------------------------------------+------------+
; Resource                                    ; Usage      ;
+---------------------------------------------+------------+
; Estimated Total logic elements              ; 70         ;
;                                             ;            ;
; Total combinational functions               ; 70         ;
; Logic element usage by number of LUT inputs ;            ;
;     -- 4 input functions                    ; 46         ;
;     -- 3 input functions                    ; 19         ;
;     -- <=2 input functions                  ; 5          ;
;                                             ;            ;
; Logic elements by mode                      ;            ;
;     -- normal mode                          ; 70         ;
;     -- arithmetic mode                      ; 0          ;
;                                             ;            ;
; Total registers                             ; 0          ;
;     -- Dedicated logic registers            ; 0          ;
;     -- I/O registers                        ; 0          ;
;                                             ;            ;
; I/O pins                                    ; 35         ;
;                                             ;            ;
; Embedded Multiplier 9-bit elements          ; 0          ;
;                                             ;            ;
; Maximum fan-out node                        ; S[1]~input ;
; Maximum fan-out                             ; 16         ;
; Total fan-out                               ; 305        ;
; Average fan-out                             ; 2.18       ;
+---------------------------------------------+------------+


+------------------------------------------------------------------------------------------------------------------------------------------------------------------------------------------------------------------------------------------------------------------------------------------------------------------------------------------+
; Analysis & Synthesis Resource Utilization by Entity                                                                                                                                                                                                                                                                                      ;
+---------------------------------------+---------------------+---------------------------+-------------+--------------+---------+-----------+------+--------------+----------------------------------------------------------------------------------------------------------------------------+---------------------------+--------------+
; Compilation Hierarchy Node            ; Combinational ALUTs ; Dedicated Logic Registers ; Memory Bits ; DSP Elements ; DSP 9x9 ; DSP 18x18 ; Pins ; Virtual Pins ; Full Hierarchy Name                                                                                                        ; Entity Name               ; Library Name ;
+---------------------------------------+---------------------+---------------------------+-------------+--------------+---------+-----------+------+--------------+----------------------------------------------------------------------------------------------------------------------------+---------------------------+--------------+
; |ULA                                  ; 70 (0)              ; 0 (0)                     ; 0           ; 0            ; 0       ; 0         ; 35   ; 0            ; |ULA                                                                                                                       ; ULA                       ; work         ;
;    |decodificador:inst1|              ; 24 (0)              ; 0 (0)                     ; 0           ; 0            ; 0       ; 0         ; 0    ; 0            ; |ULA|decodificador:inst1                                                                                                   ; decodificador             ; work         ;
;       |led-A1:inst|                   ; 2 (2)               ; 0 (0)                     ; 0           ; 0            ; 0       ; 0         ; 0    ; 0            ; |ULA|decodificador:inst1|led-A1:inst                                                                                       ; led-A1                    ; work         ;
;       |led-A2:inst6|                  ; 3 (3)               ; 0 (0)                     ; 0           ; 0            ; 0       ; 0         ; 0    ; 0            ; |ULA|decodificador:inst1|led-A2:inst6                                                                                      ; led-A2                    ; work         ;
;       |led-B2:inst7|                  ; 2 (2)               ; 0 (0)                     ; 0           ; 0            ; 0       ; 0         ; 0    ; 0            ; |ULA|decodificador:inst1|led-B2:inst7                                                                                      ; led-B2                    ; work         ;
;       |led-C2:inst8|                  ; 2 (2)               ; 0 (0)                     ; 0           ; 0            ; 0       ; 0         ; 0    ; 0            ; |ULA|decodificador:inst1|led-C2:inst8                                                                                      ; led-C2                    ; work         ;
;       |led-D1:inst1|                  ; 1 (1)               ; 0 (0)                     ; 0           ; 0            ; 0       ; 0         ; 0    ; 0            ; |ULA|decodificador:inst1|led-D1:inst1                                                                                      ; led-D1                    ; work         ;
;       |led-D2:inst9|                  ; 5 (5)               ; 0 (0)                     ; 0           ; 0            ; 0       ; 0         ; 0    ; 0            ; |ULA|decodificador:inst1|led-D2:inst9                                                                                      ; led-D2                    ; work         ;
;       |led-E2:inst10|                 ; 2 (2)               ; 0 (0)                     ; 0           ; 0            ; 0       ; 0         ; 0    ; 0            ; |ULA|decodificador:inst1|led-E2:inst10                                                                                     ; led-E2                    ; work         ;
;       |led-F2:inst14|                 ; 5 (5)               ; 0 (0)                     ; 0           ; 0            ; 0       ; 0         ; 0    ; 0            ; |ULA|decodificador:inst1|led-F2:inst14                                                                                     ; led-F2                    ; work         ;
;       |led-G2:inst12|                 ; 2 (2)               ; 0 (0)                     ; 0           ; 0            ; 0       ; 0         ; 0    ; 0            ; |ULA|decodificador:inst1|led-G2:inst12                                                                                     ; led-G2                    ; work         ;
;    |unidade-logica-aritmetica:inst|   ; 46 (0)              ; 0 (0)                     ; 0           ; 0            ; 0       ; 0         ; 0    ; 0            ; |ULA|unidade-logica-aritmetica:inst                                                                                        ; unidade-logica-aritmetica ; work         ;
;       |min-a-b-5bit:inst2|            ; 1 (0)               ; 0 (0)                     ; 0           ; 0            ; 0       ; 0         ; 0    ; 0            ; |ULA|unidade-logica-aritmetica:inst|min-a-b-5bit:inst2                                                                     ; min-a-b-5bit              ; work         ;
;          |a-menor-igual-b-5bit:inst1| ; 1 (0)               ; 0 (0)                     ; 0           ; 0            ; 0       ; 0         ; 0    ; 0            ; |ULA|unidade-logica-aritmetica:inst|min-a-b-5bit:inst2|a-menor-igual-b-5bit:inst1                                          ; a-menor-igual-b-5bit      ; work         ;
;             |a-maior-b-5bit:inst|     ; 1 (0)               ; 0 (0)                     ; 0           ; 0            ; 0       ; 0         ; 0    ; 0            ; |ULA|unidade-logica-aritmetica:inst|min-a-b-5bit:inst2|a-menor-igual-b-5bit:inst1|a-maior-b-5bit:inst                      ; a-maior-b-5bit            ; work         ;
;                |a-maior-b-1bit:inst5| ; 1 (1)               ; 0 (0)                     ; 0           ; 0            ; 0       ; 0         ; 0    ; 0            ; |ULA|unidade-logica-aritmetica:inst|min-a-b-5bit:inst2|a-menor-igual-b-5bit:inst1|a-maior-b-5bit:inst|a-maior-b-1bit:inst5 ; a-maior-b-1bit            ; work         ;
;       |mux-8-1_7bit:inst10|           ; 35 (0)              ; 0 (0)                     ; 0           ; 0            ; 0       ; 0         ; 0    ; 0            ; |ULA|unidade-logica-aritmetica:inst|mux-8-1_7bit:inst10                                                                    ; mux-8-1_7bit              ; work         ;
;          |mux-2-1_7bit:inst3|         ; 35 (0)              ; 0 (0)                     ; 0           ; 0            ; 0       ; 0         ; 0    ; 0            ; |ULA|unidade-logica-aritmetica:inst|mux-8-1_7bit:inst10|mux-2-1_7bit:inst3                                                 ; mux-2-1_7bit              ; work         ;
;             |mux2-1:inst2|            ; 6 (6)               ; 0 (0)                     ; 0           ; 0            ; 0       ; 0         ; 0    ; 0            ; |ULA|unidade-logica-aritmetica:inst|mux-8-1_7bit:inst10|mux-2-1_7bit:inst3|mux2-1:inst2                                    ; mux2-1                    ; work         ;
;             |mux2-1:inst3|            ; 3 (3)               ; 0 (0)                     ; 0           ; 0            ; 0       ; 0         ; 0    ; 0            ; |ULA|unidade-logica-aritmetica:inst|mux-8-1_7bit:inst10|mux-2-1_7bit:inst3|mux2-1:inst3                                    ; mux2-1                    ; work         ;
;             |mux2-1:inst6|            ; 5 (5)               ; 0 (0)                     ; 0           ; 0            ; 0       ; 0         ; 0    ; 0            ; |ULA|unidade-logica-aritmetica:inst|mux-8-1_7bit:inst10|mux-2-1_7bit:inst3|mux2-1:inst6                                    ; mux2-1                    ; work         ;
;             |mux2-1:inst7|            ; 4 (4)               ; 0 (0)                     ; 0           ; 0            ; 0       ; 0         ; 0    ; 0            ; |ULA|unidade-logica-aritmetica:inst|mux-8-1_7bit:inst10|mux-2-1_7bit:inst3|mux2-1:inst7                                    ; mux2-1                    ; work         ;
;             |mux2-1:inst8|            ; 4 (4)               ; 0 (0)                     ; 0           ; 0            ; 0       ; 0         ; 0    ; 0            ; |ULA|unidade-logica-aritmetica:inst|mux-8-1_7bit:inst10|mux-2-1_7bit:inst3|mux2-1:inst8                                    ; mux2-1                    ; work         ;
;             |mux2-1:inst9|            ; 8 (8)               ; 0 (0)                     ; 0           ; 0            ; 0       ; 0         ; 0    ; 0            ; |ULA|unidade-logica-aritmetica:inst|mux-8-1_7bit:inst10|mux-2-1_7bit:inst3|mux2-1:inst9                                    ; mux2-1                    ; work         ;
;             |mux2-1:inst|             ; 5 (5)               ; 0 (0)                     ; 0           ; 0            ; 0       ; 0         ; 0    ; 0            ; |ULA|unidade-logica-aritmetica:inst|mux-8-1_7bit:inst10|mux-2-1_7bit:inst3|mux2-1:inst                                     ; mux2-1                    ; work         ;
;       |somador-5bit:inst|             ; 4 (0)               ; 0 (0)                     ; 0           ; 0            ; 0       ; 0         ; 0    ; 0            ; |ULA|unidade-logica-aritmetica:inst|somador-5bit:inst                                                                      ; somador-5bit              ; work         ;
;          |somador:inst1|              ; 1 (1)               ; 0 (0)                     ; 0           ; 0            ; 0       ; 0         ; 0    ; 0            ; |ULA|unidade-logica-aritmetica:inst|somador-5bit:inst|somador:inst1                                                        ; somador                   ; work         ;
;          |somador:inst2|              ; 1 (1)               ; 0 (0)                     ; 0           ; 0            ; 0       ; 0         ; 0    ; 0            ; |ULA|unidade-logica-aritmetica:inst|somador-5bit:inst|somador:inst2                                                        ; somador                   ; work         ;
;          |somador:inst3|              ; 1 (1)               ; 0 (0)                     ; 0           ; 0            ; 0       ; 0         ; 0    ; 0            ; |ULA|unidade-logica-aritmetica:inst|somador-5bit:inst|somador:inst3                                                        ; somador                   ; work         ;
;          |somador:inst4|              ; 1 (1)               ; 0 (0)                     ; 0           ; 0            ; 0       ; 0         ; 0    ; 0            ; |ULA|unidade-logica-aritmetica:inst|somador-5bit:inst|somador:inst4                                                        ; somador                   ; work         ;
;       |subtrator-5bit:inst1|          ; 4 (0)               ; 0 (0)                     ; 0           ; 0            ; 0       ; 0         ; 0    ; 0            ; |ULA|unidade-logica-aritmetica:inst|subtrator-5bit:inst1                                                                   ; subtrator-5bit            ; work         ;
;          |somador:inst1|              ; 1 (1)               ; 0 (0)                     ; 0           ; 0            ; 0       ; 0         ; 0    ; 0            ; |ULA|unidade-logica-aritmetica:inst|subtrator-5bit:inst1|somador:inst1                                                     ; somador                   ; work         ;
;          |somador:inst2|              ; 1 (1)               ; 0 (0)                     ; 0           ; 0            ; 0       ; 0         ; 0    ; 0            ; |ULA|unidade-logica-aritmetica:inst|subtrator-5bit:inst1|somador:inst2                                                     ; somador                   ; work         ;
;          |somador:inst3|              ; 1 (1)               ; 0 (0)                     ; 0           ; 0            ; 0       ; 0         ; 0    ; 0            ; |ULA|unidade-logica-aritmetica:inst|subtrator-5bit:inst1|somador:inst3                                                     ; somador                   ; work         ;
;          |somador:inst4|              ; 1 (1)               ; 0 (0)                     ; 0           ; 0            ; 0       ; 0         ; 0    ; 0            ; |ULA|unidade-logica-aritmetica:inst|subtrator-5bit:inst1|somador:inst4                                                     ; somador                   ; work         ;
;       |subtrator-A-1:inst8|           ; 2 (0)               ; 0 (0)                     ; 0           ; 0            ; 0       ; 0         ; 0    ; 0            ; |ULA|unidade-logica-aritmetica:inst|subtrator-A-1:inst8                                                                    ; subtrator-A-1             ; work         ;
;          |somador:inst3|              ; 2 (2)               ; 0 (0)                     ; 0           ; 0            ; 0       ; 0         ; 0    ; 0            ; |ULA|unidade-logica-aritmetica:inst|subtrator-A-1:inst8|somador:inst3                                                      ; somador                   ; work         ;
+---------------------------------------+---------------------+---------------------------+-------------+--------------+---------+-----------+------+--------------+----------------------------------------------------------------------------------------------------------------------------+---------------------------+--------------+
Note: For table entries with two numbers listed, the numbers in parentheses indicate the number of resources of the given type used by the specific entity alone. The numbers listed outside of parentheses indicate the total resources of the given type used by the specific entity and all of its sub-entities in the hierarchy.


+------------------------------------------------------+
; General Register Statistics                          ;
+----------------------------------------------+-------+
; Statistic                                    ; Value ;
+----------------------------------------------+-------+
; Total registers                              ; 0     ;
; Number of registers using Synchronous Clear  ; 0     ;
; Number of registers using Synchronous Load   ; 0     ;
; Number of registers using Asynchronous Clear ; 0     ;
; Number of registers using Asynchronous Load  ; 0     ;
; Number of registers using Clock Enable       ; 0     ;
; Number of registers using Preset             ; 0     ;
+----------------------------------------------+-------+


+-------------------------------------------------------------------------------------------------------------------------------------------------------------------------------------------------------------+
; Multiplexer Restructuring Statistics (Restructuring Performed)                                                                                                                                              ;
+--------------------+-----------+---------------+----------------------+------------------------+------------+-----------------------------------------------------------------------------------------------+
; Multiplexer Inputs ; Bus Width ; Baseline Area ; Area if Restructured ; Saving if Restructured ; Registered ; Example Multiplexer Output                                                                    ;
+--------------------+-----------+---------------+----------------------+------------------------+------------+-----------------------------------------------------------------------------------------------+
; 7:1                ; 4 bits    ; 16 LEs        ; 12 LEs               ; 4 LEs                  ; No         ; |ULA|unidade-logica-aritmetica:inst|mux-8-1_7bit:inst10|mux-2-1_7bit:inst3|mux2-1:inst9|inst2 ;
+--------------------+-----------+---------------+----------------------+------------------------+------------+-----------------------------------------------------------------------------------------------+


+-----------------------------------------------------+
; Post-Synthesis Netlist Statistics for Top Partition ;
+-----------------------+-----------------------------+
; Type                  ; Count                       ;
+-----------------------+-----------------------------+
; boundary_port         ; 35                          ;
; cycloneiii_lcell_comb ; 75                          ;
;     normal            ; 75                          ;
;         0 data inputs ; 2                           ;
;         1 data inputs ; 3                           ;
;         2 data inputs ; 5                           ;
;         3 data inputs ; 19                          ;
;         4 data inputs ; 46                          ;
;                       ;                             ;
; Max LUT depth         ; 12.00                       ;
; Average LUT depth     ; 9.27                        ;
+-----------------------+-----------------------------+


+-------------------------------+
; Elapsed Time Per Partition    ;
+----------------+--------------+
; Partition Name ; Elapsed Time ;
+----------------+--------------+
; Top            ; 00:00:02     ;
+----------------+--------------+


+-------------------------------+
; Analysis & Synthesis Messages ;
+-------------------------------+
Info: *******************************************************************
Info: Running Quartus Prime Analysis & Synthesis
    Info: Version 17.1.0 Build 590 10/25/2017 SJ Lite Edition
    Info: Processing started: Wed Jan 03 15:28:57 2018
Info: Command: quartus_map --read_settings_files=on --write_settings_files=off ULA -c ULA
Warning (18236): Number of processors has not been specified which may cause overloading on shared machines.  Set the global assignment NUM_PARALLEL_PROCESSORS in your QSF to an appropriate value for best performance.
Info (20030): Parallel compilation is enabled and will use 2 of the 2 processors detected
Info (12021): Found 1 design units, including 1 entities, in source file somador-5bit.bdf
    Info (12023): Found entity 1: somador-5bit
Info (12021): Found 1 design units, including 1 entities, in source file ula.bdf
    Info (12023): Found entity 1: ULA
Info (12021): Found 1 design units, including 1 entities, in source file mux2-1.bdf
    Info (12023): Found entity 1: mux2-1
Warning (12019): Can't analyze file -- file Mux 2-1_5bit.bdf is missing
Info (12021): Found 1 design units, including 1 entities, in source file max-a-b-5bit.bdf
    Info (12023): Found entity 1: max-a-b-5bit
Info (12021): Found 1 design units, including 1 entities, in source file mux-2-1_5bit.bdf
    Info (12023): Found entity 1: mux-2-1_5bit
Info (12021): Found 1 design units, including 1 entities, in source file min-a-b-5bit.bdf
    Info (12023): Found entity 1: min-a-b-5bit
Info (12021): Found 1 design units, including 1 entities, in source file mux-modulos.bdf
    Info (12023): Found entity 1: mux-modulos
Warning (12019): Can't analyze file -- file ../teste.bdf is missing
Info (12021): Found 1 design units, including 1 entities, in source file mux2-1-vetor.bdf
    Info (12023): Found entity 1: mux2-1-vetor
Info (12021): Found 1 design units, including 1 entities, in source file mux4-1-vetor.bdf
    Info (12023): Found entity 1: mux4-1-vetor
Warning (12019): Can't analyze file -- file mux=seletor.bdf is missing
Info (12021): Found 1 design units, including 1 entities, in source file mux-2-1_6bit.bdf
    Info (12023): Found entity 1: mux-2-1_6bit
Info (12021): Found 1 design units, including 1 entities, in source file mux-4-1_6bit.bdf
    Info (12023): Found entity 1: mux-4-1_6bit
Info (12021): Found 1 design units, including 1 entities, in source file mux-8-1_6bit.bdf
    Info (12023): Found entity 1: mux-8-1_6bit
Info (12021): Found 1 design units, including 1 entities, in source file mux-2-1_7bit.bdf
    Info (12023): Found entity 1: mux-2-1_7bit
Info (12021): Found 1 design units, including 1 entities, in source file mux-4-1_7bit.bdf
    Info (12023): Found entity 1: mux-4-1_7bit
Info (12021): Found 1 design units, including 1 entities, in source file unidade-logica-aritmetica.bdf
    Info (12023): Found entity 1: unidade-logica-aritmetica
Warning (12019): Can't analyze file -- file TESTE.bdf is missing
Info (12021): Found 1 design units, including 1 entities, in source file led-a1.bdf
    Info (12023): Found entity 1: led-A1
Info (12021): Found 1 design units, including 1 entities, in source file led-g2.bdf
    Info (12023): Found entity 1: led-G2
Info (12127): Elaborating entity "ULA" for the top level hierarchy
Info (12128): Elaborating entity "unidade-logica-aritmetica" for hierarchy "unidade-logica-aritmetica:inst"
Warning (12125): Using design file mux-8-1_7bit.bdf, which is not specified as a design file for the current project, but contains definitions for 1 design units and 1 entities in project
    Info (12023): Found entity 1: mux-8-1_7bit
Info (12128): Elaborating entity "mux-8-1_7bit" for hierarchy "unidade-logica-aritmetica:inst|mux-8-1_7bit:inst10"
Info (12128): Elaborating entity "mux-2-1_7bit" for hierarchy "unidade-logica-aritmetica:inst|mux-8-1_7bit:inst10|mux-2-1_7bit:inst3"
Info (12128): Elaborating entity "mux2-1" for hierarchy "unidade-logica-aritmetica:inst|mux-8-1_7bit:inst10|mux-2-1_7bit:inst3|mux2-1:inst9"
Info (12128): Elaborating entity "mux-4-1_7bit" for hierarchy "unidade-logica-aritmetica:inst|mux-8-1_7bit:inst10|mux-4-1_7bit:inst"
Info (12128): Elaborating entity "somador-5bit" for hierarchy "unidade-logica-aritmetica:inst|somador-5bit:inst"
Warning (12125): Using design file somador.bdf, which is not specified as a design file for the current project, but contains definitions for 1 design units and 1 entities in project
    Info (12023): Found entity 1: somador
Info (12128): Elaborating entity "somador" for hierarchy "unidade-logica-aritmetica:inst|somador-5bit:inst|somador:inst"
Warning (12125): Using design file subtrator-5bit.bdf, which is not specified as a design file for the current project, but contains definitions for 1 design units and 1 entities in project
    Info (12023): Found entity 1: subtrator-5bit
Info (12128): Elaborating entity "subtrator-5bit" for hierarchy "unidade-logica-aritmetica:inst|subtrator-5bit:inst1"
Info (12128): Elaborating entity "min-a-b-5bit" for hierarchy "unidade-logica-aritmetica:inst|min-a-b-5bit:inst2"
Info (12128): Elaborating entity "mux-2-1_5bit" for hierarchy "unidade-logica-aritmetica:inst|min-a-b-5bit:inst2|mux-2-1_5bit:inst"
Warning (12125): Using design file a-menor-igual-b-5bit.bdf, which is not specified as a design file for the current project, but contains definitions for 1 design units and 1 entities in project
    Info (12023): Found entity 1: a-menor-igual-b-5bit
Info (12128): Elaborating entity "a-menor-igual-b-5bit" for hierarchy "unidade-logica-aritmetica:inst|min-a-b-5bit:inst2|a-menor-igual-b-5bit:inst1"
Warning (12125): Using design file a-maior-b-5bit.bdf, which is not specified as a design file for the current project, but contains definitions for 1 design units and 1 entities in project
    Info (12023): Found entity 1: a-maior-b-5bit
Info (12128): Elaborating entity "a-maior-b-5bit" for hierarchy "unidade-logica-aritmetica:inst|min-a-b-5bit:inst2|a-menor-igual-b-5bit:inst1|a-maior-b-5bit:inst"
Warning (12125): Using design file a-maior-b-bit-sinal.bdf, which is not specified as a design file for the current project, but contains definitions for 1 design units and 1 entities in project
    Info (12023): Found entity 1: a-maior-b-bit-sinal
Info (12128): Elaborating entity "a-maior-b-bit-sinal" for hierarchy "unidade-logica-aritmetica:inst|min-a-b-5bit:inst2|a-menor-igual-b-5bit:inst1|a-maior-b-5bit:inst|a-maior-b-bit-sinal:inst6"
Warning (12125): Using design file a-maior-b-1bit.bdf, which is not specified as a design file for the current project, but contains definitions for 1 design units and 1 entities in project
    Info (12023): Found entity 1: a-maior-b-1bit
Info (12128): Elaborating entity "a-maior-b-1bit" for hierarchy "unidade-logica-aritmetica:inst|min-a-b-5bit:inst2|a-menor-igual-b-5bit:inst1|a-maior-b-5bit:inst|a-maior-b-1bit:inst5"
Info (12128): Elaborating entity "max-a-b-5bit" for hierarchy "unidade-logica-aritmetica:inst|max-a-b-5bit:inst3"
Warning (12125): Using design file subtrator-a-1.bdf, which is not specified as a design file for the current project, but contains definitions for 1 design units and 1 entities in project
    Info (12023): Found entity 1: subtrator-A-1
Info (12128): Elaborating entity "subtrator-A-1" for hierarchy "unidade-logica-aritmetica:inst|subtrator-A-1:inst8"
Warning (12125): Using design file a-x-4.bdf, which is not specified as a design file for the current project, but contains definitions for 1 design units and 1 entities in project
    Info (12023): Found entity 1: a-x-4
Info (12128): Elaborating entity "a-x-4" for hierarchy "unidade-logica-aritmetica:inst|a-x-4:inst7"
Warning (12125): Using design file decodificador.bdf, which is not specified as a design file for the current project, but contains definitions for 1 design units and 1 entities in project
    Info (12023): Found entity 1: decodificador
Info (12128): Elaborating entity "decodificador" for hierarchy "decodificador:inst1"
Warning (12125): Using design file led-d1.bdf, which is not specified as a design file for the current project, but contains definitions for 1 design units and 1 entities in project
    Info (12023): Found entity 1: led-D1
Info (12128): Elaborating entity "led-D1" for hierarchy "decodificador:inst1|led-D1:inst1"
Warning (12125): Using design file led-e1.bdf, which is not specified as a design file for the current project, but contains definitions for 1 design units and 1 entities in project
    Info (12023): Found entity 1: led-E1
Info (12128): Elaborating entity "led-E1" for hierarchy "decodificador:inst1|led-E1:inst2"
Warning (12125): Using design file led-f1.bdf, which is not specified as a design file for the current project, but contains definitions for 1 design units and 1 entities in project
    Info (12023): Found entity 1: led-F1
Info (12128): Elaborating entity "led-F1" for hierarchy "decodificador:inst1|led-F1:inst3"
Info (12128): Elaborating entity "led-A1" for hierarchy "decodificador:inst1|led-A1:inst"
Warning (12125): Using design file led-a2.bdf, which is not specified as a design file for the current project, but contains definitions for 1 design units and 1 entities in project
    Info (12023): Found entity 1: led-A2
Info (12128): Elaborating entity "led-A2" for hierarchy "decodificador:inst1|led-A2:inst6"
Warning (12125): Using design file led-b2.bdf, which is not specified as a design file for the current project, but contains definitions for 1 design units and 1 entities in project
    Info (12023): Found entity 1: led-B2
Info (12128): Elaborating entity "led-B2" for hierarchy "decodificador:inst1|led-B2:inst7"
Warning (12125): Using design file led-c2.bdf, which is not specified as a design file for the current project, but contains definitions for 1 design units and 1 entities in project
    Info (12023): Found entity 1: led-C2
Info (12128): Elaborating entity "led-C2" for hierarchy "decodificador:inst1|led-C2:inst8"
Warning (12125): Using design file led-d2.bdf, which is not specified as a design file for the current project, but contains definitions for 1 design units and 1 entities in project
    Info (12023): Found entity 1: led-D2
Info (12128): Elaborating entity "led-D2" for hierarchy "decodificador:inst1|led-D2:inst9"
Warning (12125): Using design file led-e2.bdf, which is not specified as a design file for the current project, but contains definitions for 1 design units and 1 entities in project
    Info (12023): Found entity 1: led-E2
Info (12128): Elaborating entity "led-E2" for hierarchy "decodificador:inst1|led-E2:inst10"
Warning (12125): Using design file led-f2.bdf, which is not specified as a design file for the current project, but contains definitions for 1 design units and 1 entities in project
    Info (12023): Found entity 1: led-F2
Info (12128): Elaborating entity "led-F2" for hierarchy "decodificador:inst1|led-F2:inst14"
Info (12128): Elaborating entity "led-G2" for hierarchy "decodificador:inst1|led-G2:inst12"
Warning (13024): Output pins are stuck at VCC or GND
    Warning (13410): Pin "DISPLAY1[1]" is stuck at VCC
    Warning (13410): Pin "DISPLAY1[2]" is stuck at VCC
    Warning (13410): Pin "DISPLAY1[6]" is stuck at GND
Info (286030): Timing-Driven Synthesis is running
Info (16010): Generating hard_block partition "hard_block:auto_generated_inst"
    Info (16011): Adding 0 node(s), including 0 DDIO, 0 PLL, 0 transceiver and 0 LCELL
Info (21057): Implemented 105 device resources after synthesis - the final resource count might be different
    Info (21058): Implemented 13 input pins
    Info (21059): Implemented 22 output pins
    Info (21061): Implemented 70 logic cells
Info: Quartus Prime Analysis & Synthesis was successful. 0 errors, 28 warnings
    Info: Peak virtual memory: 633 megabytes
    Info: Processing ended: Wed Jan 03 15:29:32 2018
    Info: Elapsed time: 00:00:35
    Info: Total CPU time (on all processors): 00:00:54


